{"/home/gilles/Documents/development/development-environment/samples/node/express-sample/app.js":{"path":"/home/gilles/Documents/development/development-environment/samples/node/express-sample/app.js","s":{"1":1,"2":1,"3":1,"4":1,"5":1,"6":1,"7":1,"8":1,"9":1,"10":1,"11":1,"12":1,"13":0,"14":1,"15":1,"16":1,"17":1,"18":1,"19":1,"20":1,"21":1,"22":1,"23":1,"24":1,"25":1,"26":0,"27":0,"28":0,"29":1,"30":0,"31":0,"32":0,"33":1,"34":0,"35":0,"36":1},"b":{"1":[0,1],"2":[0,0],"3":[0,0]},"f":{"1":0,"2":0,"3":0,"4":0},"fnMap":{"1":{"name":"(anonymous_1)","line":16,"loc":{"start":{"line":16,"column":25},"end":{"line":16,"column":50}}},"2":{"name":"(anonymous_2)","line":51,"loc":{"start":{"line":51,"column":8},"end":{"line":51,"column":33}}},"3":{"name":"(anonymous_3)","line":62,"loc":{"start":{"line":62,"column":10},"end":{"line":62,"column":40}}},"4":{"name":"(anonymous_4)","line":73,"loc":{"start":{"line":73,"column":8},"end":{"line":73,"column":38}}}},"statementMap":{"1":{"start":{"line":1,"column":0},"end":{"line":1,"column":33}},"2":{"start":{"line":2,"column":0},"end":{"line":2,"column":27}},"3":{"start":{"line":3,"column":0},"end":{"line":3,"column":39}},"4":{"start":{"line":4,"column":0},"end":{"line":4,"column":31}},"5":{"start":{"line":5,"column":0},"end":{"line":5,"column":44}},"6":{"start":{"line":6,"column":0},"end":{"line":6,"column":40}},"7":{"start":{"line":8,"column":0},"end":{"line":8,"column":39}},"8":{"start":{"line":9,"column":0},"end":{"line":9,"column":38}},"9":{"start":{"line":11,"column":0},"end":{"line":11,"column":52}},"10":{"start":{"line":13,"column":0},"end":{"line":13,"column":20}},"11":{"start":{"line":14,"column":0},"end":{"line":14,"column":20}},"12":{"start":{"line":16,"column":0},"end":{"line":28,"column":2}},"13":{"start":{"line":19,"column":2},"end":{"line":26,"column":4}},"14":{"start":{"line":32,"column":0},"end":{"line":32,"column":48}},"15":{"start":{"line":33,"column":0},"end":{"line":33,"column":31}},"16":{"start":{"line":37,"column":0},"end":{"line":37,"column":23}},"17":{"start":{"line":38,"column":0},"end":{"line":38,"column":27}},"18":{"start":{"line":39,"column":0},"end":{"line":39,"column":52}},"19":{"start":{"line":40,"column":0},"end":{"line":40,"column":24}},"20":{"start":{"line":41,"column":0},"end":{"line":41,"column":56}},"21":{"start":{"line":43,"column":0},"end":{"line":43,"column":44}},"22":{"start":{"line":45,"column":0},"end":{"line":45,"column":21}},"23":{"start":{"line":46,"column":0},"end":{"line":46,"column":25}},"24":{"start":{"line":48,"column":0},"end":{"line":48,"column":21}},"25":{"start":{"line":51,"column":0},"end":{"line":55,"column":3}},"26":{"start":{"line":52,"column":2},"end":{"line":52,"column":35}},"27":{"start":{"line":53,"column":2},"end":{"line":53,"column":19}},"28":{"start":{"line":54,"column":2},"end":{"line":54,"column":12}},"29":{"start":{"line":61,"column":0},"end":{"line":69,"column":1}},"30":{"start":{"line":62,"column":2},"end":{"line":68,"column":5}},"31":{"start":{"line":63,"column":4},"end":{"line":63,"column":34}},"32":{"start":{"line":64,"column":4},"end":{"line":67,"column":7}},"33":{"start":{"line":73,"column":0},"end":{"line":79,"column":3}},"34":{"start":{"line":74,"column":2},"end":{"line":74,"column":32}},"35":{"start":{"line":75,"column":2},"end":{"line":78,"column":5}},"36":{"start":{"line":82,"column":0},"end":{"line":82,"column":21}}},"branchMap":{"1":{"line":61,"type":"if","locations":[{"start":{"line":61,"column":0},"end":{"line":61,"column":0}},{"start":{"line":61,"column":0},"end":{"line":61,"column":0}}]},"2":{"line":63,"type":"binary-expr","locations":[{"start":{"line":63,"column":15},"end":{"line":63,"column":25}},{"start":{"line":63,"column":29},"end":{"line":63,"column":32}}]},"3":{"line":74,"type":"binary-expr","locations":[{"start":{"line":74,"column":13},"end":{"line":74,"column":23}},{"start":{"line":74,"column":27},"end":{"line":74,"column":30}}]}}},"/home/gilles/Documents/development/development-environment/samples/node/express-sample/routes/index.js":{"path":"/home/gilles/Documents/development/development-environment/samples/node/express-sample/routes/index.js","s":{"1":1,"2":1,"3":1,"4":1,"5":1},"b":{},"f":{"1":1},"fnMap":{"1":{"name":"(anonymous_1)","line":5,"loc":{"start":{"line":5,"column":16},"end":{"line":5,"column":41}}}},"statementMap":{"1":{"start":{"line":1,"column":0},"end":{"line":1,"column":33}},"2":{"start":{"line":2,"column":0},"end":{"line":2,"column":30}},"3":{"start":{"line":5,"column":0},"end":{"line":7,"column":3}},"4":{"start":{"line":6,"column":2},"end":{"line":6,"column":44}},"5":{"start":{"line":9,"column":0},"end":{"line":9,"column":24}}},"branchMap":{}},"/home/gilles/Documents/development/development-environment/samples/node/express-sample/routes/users.js":{"path":"/home/gilles/Documents/development/development-environment/samples/node/express-sample/routes/users.js","s":{"1":1,"2":1,"3":1,"4":0,"5":1},"b":{},"f":{"1":0},"fnMap":{"1":{"name":"(anonymous_1)","line":5,"loc":{"start":{"line":5,"column":16},"end":{"line":5,"column":41}}}},"statementMap":{"1":{"start":{"line":1,"column":0},"end":{"line":1,"column":33}},"2":{"start":{"line":2,"column":0},"end":{"line":2,"column":30}},"3":{"start":{"line":5,"column":0},"end":{"line":7,"column":3}},"4":{"start":{"line":6,"column":2},"end":{"line":6,"column":38}},"5":{"start":{"line":9,"column":0},"end":{"line":9,"column":24}}},"branchMap":{}}}