TN:
SF:/home/gilles/Documents/development/development-environment/samples/node/express-sample/app.js
FN:16,(anonymous_1)
FN:51,(anonymous_2)
FN:62,(anonymous_3)
FN:73,(anonymous_4)
FNF:4
FNH:0
FNDA:0,(anonymous_1)
FNDA:0,(anonymous_2)
FNDA:0,(anonymous_3)
FNDA:0,(anonymous_4)
DA:1,1
DA:2,1
DA:3,1
DA:4,1
DA:5,1
DA:6,1
DA:8,1
DA:9,1
DA:11,1
DA:13,1
DA:14,1
DA:16,1
DA:19,0
DA:32,1
DA:33,1
DA:37,1
DA:38,1
DA:39,1
DA:40,1
DA:41,1
DA:43,1
DA:45,1
DA:46,1
DA:48,1
DA:51,1
DA:52,0
DA:53,0
DA:54,0
DA:61,1
DA:62,0
DA:63,0
DA:64,0
DA:73,1
DA:74,0
DA:75,0
DA:82,1
LF:36
LH:27
BRDA:61,1,0,0
BRDA:61,1,1,1
BRDA:63,2,0,0
BRDA:63,2,1,0
BRDA:74,3,0,0
BRDA:74,3,1,0
BRF:6
BRH:1
end_of_record
TN:
SF:/home/gilles/Documents/development/development-environment/samples/node/express-sample/routes/index.js
FN:5,(anonymous_1)
FNF:1
FNH:1
FNDA:1,(anonymous_1)
DA:1,1
DA:2,1
DA:5,1
DA:6,1
DA:9,1
LF:5
LH:5
BRF:0
BRH:0
end_of_record
TN:
SF:/home/gilles/Documents/development/development-environment/samples/node/express-sample/routes/users.js
FN:5,(anonymous_1)
FNF:1
FNH:0
FNDA:0,(anonymous_1)
DA:1,1
DA:2,1
DA:5,1
DA:6,0
DA:9,1
LF:5
LH:4
BRF:0
BRH:0
end_of_record
