TN:
SF:/home/gilles/Documents/development/development-environment/samples/node/express-sample/app.js
FN:16,(anonymous_1)
FN:62,(anonymous_2)
FN:76,(anonymous_3)
FN:87,(anonymous_4)
FNF:4
FNH:0
FNDA:0,(anonymous_1)
FNDA:0,(anonymous_2)
FNDA:0,(anonymous_3)
FNDA:0,(anonymous_4)
DA:1,1
DA:2,1
DA:3,1
DA:4,1
DA:5,1
DA:6,1
DA:8,1
DA:9,1
DA:11,1
DA:13,1
DA:14,1
DA:16,1
DA:19,0
DA:32,1
DA:33,1
DA:35,1
DA:37,1
DA:41,1
DA:42,1
DA:43,1
DA:44,1
DA:45,1
DA:48,1
DA:50,1
DA:51,0
DA:55,1
DA:56,1
DA:59,1
DA:62,1
DA:63,0
DA:64,0
DA:65,0
DA:72,1
DA:74,0
DA:76,0
DA:77,0
DA:78,0
DA:87,1
DA:88,0
DA:89,0
DA:96,1
LF:41
LH:30
BRDA:35,1,0,1
BRDA:35,1,1,0
BRDA:50,2,0,0
BRDA:50,2,1,1
BRDA:72,3,0,0
BRDA:72,3,1,1
BRDA:77,4,0,0
BRDA:77,4,1,0
BRDA:88,5,0,0
BRDA:88,5,1,0
BRF:10
BRH:3
end_of_record
TN:
SF:/home/gilles/Documents/development/development-environment/samples/node/express-sample/routes/index.js
FN:5,(anonymous_1)
FNF:1
FNH:1
FNDA:1,(anonymous_1)
DA:1,1
DA:2,1
DA:5,1
DA:6,1
DA:9,1
LF:5
LH:5
BRF:0
BRH:0
end_of_record
TN:
SF:/home/gilles/Documents/development/development-environment/samples/node/express-sample/routes/users.js
FN:5,(anonymous_1)
FNF:1
FNH:0
FNDA:0,(anonymous_1)
DA:1,1
DA:2,1
DA:5,1
DA:6,0
DA:9,1
LF:5
LH:4
BRF:0
BRH:0
end_of_record
